#
# A fatal error has been detected by the Java Runtime Environment:
#
#  SIGSEGV (0xb) at pc=0x000000011199c125, pid=1051, tid=775
#
# JRE version: Java(TM) SE Runtime Environment (8.0_11-b12) (build 1.8.0_11-b12)
# Java VM: Java HotSpot(TM) 64-Bit Server VM (25.11-b03 mixed mode bsd-amd64 compressed oops)
# Problematic frame:
# C  [libglass.dylib+0x1b125]  GlassScreenDidChangeScreenParameters+0x25
#
# Failed to write core dump. Core dumps have been disabled. To enable core dumping, try "ulimit -c unlimited" before starting Java again
#
# If you would like to submit a bug report, please visit:
#   http://bugreport.sun.com/bugreport/crash.jsp
#

---------------  T H R E A D  ---------------

Current thread is native thread

siginfo:si_signo=SIGSEGV: si_errno=0, si_code=1 (SEGV_MAPERR), si_addr=0x0000000000000000

Registers:
RAX=0x00000001119ce910, RBX=0x0000000000000000, RCX=0x703867ba9ab30059, RDX=0x0000000000000000
RSP=0x00007ffee607c6d0, RBP=0x00007ffee607c6e0, RSI=0x00007fa506c05ce0, RDI=0x0000000000000000
R8 =0x00000000000130a8, R9 =0x0000000000000000, R10=0x00007fffa9ceb048, R11=0x00007fffa9ceb040
R12=0x0000000000000000, R13=0x00007fa506c50b70, R14=0x00007fa506c50c30, R15=0x0000000000000000
RIP=0x000000011199c125, EFLAGS=0x0000000000010246, ERR=0x0000000000000004
  TRAPNO=0x000000000000000e

Top of Stack: (sp=0x00007ffee607c6d0)
0x00007ffee607c6d0:   00007ffee607c6e0 00007ffee607c720
0x00007ffee607c6e0:   00007ffee607c6f0 00007fff49f18442
0x00007ffee607c6f0:   00007ffee607c710 00007fff49f183bc
0x00007ffee607c700:   0000000000000000 0000000000000000
0x00007ffee607c710:   00007ffee607c780 00007fff49f182dd
0x00007ffee607c720:   00007fffa9ce6070 00000000c2000000
0x00007ffee607c730:   00007fff49f1837d 00007fffa2703c78
0x00007ffee607c740:   00007fa506c50b70 00007fa506f725f0
0x00007ffee607c750:   0000000000000000 00007ffee607c797
0x00007ffee607c760:   00007fa506c50b70 00007fff760b5580
0x00007ffee607c770:   00007ffee607cec0 0000000000000000
0x00007ffee607c780:   00007ffee607c7c0 00007fff49f20611
0x00007ffee607c790:   00007ffee607cd80 0000000000000000
0x00007ffee607c7a0:   0000000000000000 00007fff760b5580
0x00007ffee607c7b0:   00007ffee607cec0 00007fff47fe2cfe
0x00007ffee607c7c0:   00007ffee607ceb0 00007fff49e88464
0x00007ffee607c7d0:   00007fa507004050 00007fa506ffc080
0x00007ffee607c7e0:   00007ffee607cd80 0000000000000001
0x00007ffee607c7f0:   0000000000000100 00007fa506f42700
0x00007ffee607c800:   00007ffee607cc80 0000000000000000
0x00007ffee607c810:   0000000000000100 00007fff7733cb00
0x00007ffee607c820:   0000000000000000 0000000000000000
0x00007ffee607c830:   00007fa506c50c60 0000000000000000
0x00007ffee607c840:   0000000109b9c080 00007fffa2705d40
0x00007ffee607c850:   00007fffa27446b8 00007fa506c3ae70
0x00007ffee607c860:   00007fffa26fdc30 0000000000000000
0x00007ffee607c870:   00007fffa26fdc01 00007fa506e12d70
0x00007ffee607c880:   00007ffee607c910 00007fff7733cb54
0x00007ffee607c890:   0000000109b9ea00 00007fa506ffc080
0x00007ffee607c8a0:   00007fa500000000 0000000109b9ea00
0x00007ffee607c8b0:   0000000109b9c080 00007fa506f3eb60
0x00007ffee607c8c0:   00007ffee607c920 00007fa506f00000 

Instructions: (pc=0x000000011199c125)
0x000000011199c105:   48 83 ec 08 48 8d 05 f8 28 03 00 48 8b 00 48 85
0x000000011199c115:   c0 48 89 fb 75 2e 48 8d 05 ee 27 03 00 48 8b 30
0x000000011199c125:   48 8b 03 48 8d 15 58 90 01 00 48 8d 0d 62 51 01
0x000000011199c135:   00 48 89 df ff 90 88 03 00 00 48 8d 0d c2 28 03 

Register to memory mapping:

RAX=0x00000001119ce910: jScreenClass+0 in /Library/Java/JavaVirtualMachines/jdk1.8.0_11.jdk/Contents/Home/jre/lib/libglass.dylib at 0x0000000111981000
RBX=0x0000000000000000 is an unknown value
RCX=0x703867ba9ab30059 is an unknown value
RDX=0x0000000000000000 is an unknown value
RSP=0x00007ffee607c6d0 is an unknown value
RBP=0x00007ffee607c6e0 is an unknown value
RSI=0x00007fa506c05ce0 is a global jni handle
RDI=0x0000000000000000 is an unknown value
R8 =0x00000000000130a8 is an unknown value
R9 =0x0000000000000000 is an unknown value
R10=0x00007fffa9ceb048: __sFX+0x1c8 in /usr/lib/system/libsystem_c.dylib at 0x00007fff771d7000
R11=0x00007fffa9ceb040: __sFX+0x1c0 in /usr/lib/system/libsystem_c.dylib at 0x00007fff771d7000
R12=0x0000000000000000 is an unknown value
R13=0x00007fa506c50b70 is an unknown value
R14=0x00007fa506c50c30 is an unknown value
R15=0x0000000000000000 is an unknown value


Stack: [0x00007ffee5880000,0x00007ffee6080000],  sp=0x00007ffee607c6d0,  free space=8177k
Native frames: (J=compiled Java code, j=interpreted, Vv=VM code, C=native code)
C  [libglass.dylib+0x1b125]  GlassScreenDidChangeScreenParameters+0x25
C  [CoreFoundation+0x9f442]  __CFNOTIFICATIONCENTER_IS_CALLING_OUT_TO_AN_OBSERVER__+0xc
C  [CoreFoundation+0x9f3bc]  ___CFXRegistrationPost_block_invoke+0x3f
C  [CoreFoundation+0x9f2dd]  _CFXRegistrationPost+0x18e
C  [CoreFoundation+0xa7611]  ___CFXNotificationPost_block_invoke+0x57
C  [CoreFoundation+0xf464]  -[_CFXNotificationRegistrar find:object:observer:enumerator:]+0x70c
C  [CoreFoundation+0xe709]  _CFXNotificationPost+0x356
C  [Foundation+0x11a7b]  -[NSNotificationCenter postNotificationName:object:userInfo:]+0x42
C  [AppKit+0xb9752b]  -[NSApplication(ScreenHandling) _reactToScreenInvalidationImmediately:]+0x162
C  [AppKit+0xb97bed]  ___NSMainRunLoopPerformBlockInModes_block_invoke+0x19
C  [CoreFoundation+0x78b4c]  __CFRUNLOOP_IS_CALLING_OUT_TO_A_BLOCK__+0xc
C  [CoreFoundation+0x3bec8]  __CFRunLoopDoBlocks+0x189
C  [CoreFoundation+0x3bc26]  __CFRunLoopRun+0xb1d
C  [CoreFoundation+0x3aeb6]  CFRunLoopRunSpecific+0x1d3
C  [java+0x56cb]  CreateExecutionEnvironment+0x367
C  [java+0x166c]  JLI_Launch+0x7a0
C  [java+0x7689]  main+0x65
C  [java+0xec4]  start+0x34


---------------  P R O C E S S  ---------------

VM state:at safepoint (normal execution)

VM Mutex/Monitor currently owned by a thread:  ([mutex/lock_event])
[0x00007fa506d02be0] Threads_lock - owner thread: 0x00007fa508013000

Heap:
 PSYoungGen      total 2560K, used 2040K [0x00000007aab00000, 0x00000007ab100000, 0x00000007c0000000)
  eden space 2048K, 76% used [0x00000007aab00000,0x00000007aac86160,0x00000007aad00000)
  from space 512K, 93% used [0x00000007aad00000,0x00000007aad78030,0x00000007aad80000)
  to   space 1024K, 0% used [0x00000007ab000000,0x00000007ab000000,0x00000007ab100000)
 ParOldGen       total 64000K, used 848K [0x0000000780000000, 0x0000000783e80000, 0x00000007aab00000)
  object space 64000K, 1% used [0x0000000780000000,0x00000007800d4010,0x0000000783e80000)
 Metaspace       used 5977K, capacity 6754K, committed 7040K, reserved 1056768K
  class space    used 728K, capacity 786K, committed 896K, reserved 1048576K

Card table byte_map: [0x000000010b6c1000,0x000000010b8c2000] byte_map_base: 0x0000000107ac1000

Marking Bits: (ParMarkBitMap*) 0x000000010ac670a0
 Begin Bits: [0x000000010ba18000, 0x000000010ca18000)
 End Bits:   [0x000000010ca18000, 0x000000010da18000)

Polling page: 0x0000000109bec000

CodeCache: size=245760Kb used=1668Kb max_used=1668Kb free=244091Kb
 bounds [0x0000000115d06000, 0x0000000115f76000, 0x0000000124d06000]
 total_blobs=627 nmethods=264 adapters=279
 compilation: enabled

Compilation events (10 events):
Event: 0.769 Thread 0x00007fa50701a000  260       3       java.util.jar.Attributes$Name::isValid (32 bytes)
Event: 0.769 Thread 0x00007fa50701a000 nmethod 260 0x0000000115ea5610 code [0x0000000115ea57a0, 0x0000000115ea5c10]
Event: 0.770 Thread 0x00007fa50701a000  261       3       java.util.jar.Attributes$Name::isAlpha (30 bytes)
Event: 0.770 Thread 0x00007fa50701a000 nmethod 261 0x0000000115ea5cd0 code [0x0000000115ea5e40, 0x0000000115ea6070]
Event: 0.770 Thread 0x00007fa50701a000  263       3       sun.misc.ASCIICaseInsensitiveComparator::toLower (16 bytes)
Event: 0.770 Thread 0x00007fa50701a000 nmethod 263 0x0000000115ea60d0 code [0x0000000115ea6240, 0x0000000115ea6470]
Event: 0.770 Thread 0x00007fa50701a000  264       3       sun.misc.ASCIICaseInsensitiveComparator::isUpper (18 bytes)
Event: 0.770 Thread 0x00007fa50701a000 nmethod 264 0x0000000115ea6510 code [0x0000000115ea6660, 0x0000000115ea67f0]
Event: 0.770 Thread 0x00007fa50701a000  262       3       java.lang.StringCoding::deref (19 bytes)
Event: 0.770 Thread 0x00007fa50701a000 nmethod 262 0x0000000115ea6850 code [0x0000000115ea69e0, 0x0000000115ea6da8]

GC Heap History (10 events):
Event: 0.159 GC heap before
{Heap before GC invocations=1 (full 0):
 PSYoungGen      total 1024K, used 512K [0x00000007aab00000, 0x00000007aac80000, 0x00000007c0000000)
  eden space 512K, 100% used [0x00000007aab00000,0x00000007aab80000,0x00000007aab80000)
  from space 512K, 0% used [0x00000007aac00000,0x00000007aac00000,0x00000007aac80000)
  to   space 512K, 0% used [0x00000007aab80000,0x00000007aab80000,0x00000007aac00000)
 ParOldGen       total 64000K, used 0K [0x0000000780000000, 0x0000000783e80000, 0x00000007aab00000)
  object space 64000K, 0% used [0x0000000780000000,0x0000000780000000,0x0000000783e80000)
 Metaspace       used 2486K, capacity 4480K, committed 4480K, reserved 1056768K
  class space    used 268K, capacity 384K, committed 384K, reserved 1048576K
Event: 0.162 GC heap after
Heap after GC invocations=1 (full 0):
 PSYoungGen      total 1024K, used 448K [0x00000007aab00000, 0x00000007aad00000, 0x00000007c0000000)
  eden space 512K, 0% used [0x00000007aab00000,0x00000007aab00000,0x00000007aab80000)
  from space 512K, 87% used [0x00000007aab80000,0x00000007aabf0020,0x00000007aac00000)
  to   space 512K, 0% used [0x00000007aac80000,0x00000007aac80000,0x00000007aad00000)
 ParOldGen       total 64000K, used 8K [0x0000000780000000, 0x0000000783e80000, 0x00000007aab00000)
  object space 64000K, 0% used [0x0000000780000000,0x0000000780002000,0x0000000783e80000)
 Metaspace       used 2486K, capacity 4480K, committed 4480K, reserved 1056768K
  class space    used 268K, capacity 384K, committed 384K, reserved 1048576K
}
Event: 0.217 GC heap before
{Heap before GC invocations=2 (full 0):
 PSYoungGen      total 1024K, used 960K [0x00000007aab00000, 0x00000007aad00000, 0x00000007c0000000)
  eden space 512K, 100% used [0x00000007aab00000,0x00000007aab80000,0x00000007aab80000)
  from space 512K, 87% used [0x00000007aab80000,0x00000007aabf0020,0x00000007aac00000)
  to   space 512K, 0% used [0x00000007aac80000,0x00000007aac80000,0x00000007aad00000)
 ParOldGen       total 64000K, used 8K [0x0000000780000000, 0x0000000783e80000, 0x00000007aab00000)
  object space 64000K, 0% used [0x0000000780000000,0x0000000780002000,0x0000000783e80000)
 Metaspace       used 2868K, capacity 4566K, committed 4864K, reserved 1056768K
  class space    used 314K, capacity 390K, committed 512K, reserved 1048576K
Event: 0.219 GC heap after
Heap after GC invocations=2 (full 0):
 PSYoungGen      total 1536K, used 480K [0x00000007aab00000, 0x00000007aad00000, 0x00000007c0000000)
  eden space 1024K, 0% used [0x00000007aab00000,0x00000007aab00000,0x00000007aac00000)
  from space 512K, 93% used [0x00000007aac80000,0x00000007aacf8020,0x00000007aad00000)
  to   space 512K, 0% used [0x00000007aac00000,0x00000007aac00000,0x00000007aac80000)
 ParOldGen       total 64000K, used 88K [0x0000000780000000, 0x0000000783e80000, 0x00000007aab00000)
  object space 64000K, 0% used [0x0000000780000000,0x0000000780016000,0x0000000783e80000)
 Metaspace       used 2868K, capacity 4566K, committed 4864K, reserved 1056768K
  class space    used 314K, capacity 390K, committed 512K, reserved 1048576K
}
Event: 0.271 GC heap before
{Heap before GC invocations=3 (full 0):
 PSYoungGen      total 1536K, used 1504K [0x00000007aab00000, 0x00000007aad00000, 0x00000007c0000000)
  eden space 1024K, 100% used [0x00000007aab00000,0x00000007aac00000,0x00000007aac00000)
  from space 512K, 93% used [0x00000007aac80000,0x00000007aacf8020,0x00000007aad00000)
  to   space 512K, 0% used [0x00000007aac00000,0x00000007aac00000,0x00000007aac80000)
 ParOldGen       total 64000K, used 88K [0x0000000780000000, 0x0000000783e80000, 0x00000007aab00000)
  object space 64000K, 0% used [0x0000000780000000,0x0000000780016000,0x0000000783e80000)
 Metaspace       used 3392K, capacity 5018K, committed 5120K, reserved 1056768K
  class space    used 375K, capacity 458K, committed 512K, reserved 1048576K
Event: 0.272 GC heap after
Heap after GC invocations=3 (full 0):
 PSYoungGen      total 1536K, used 512K [0x00000007aab00000, 0x00000007aae00000, 0x00000007c0000000)
  eden space 1024K, 0% used [0x00000007aab00000,0x00000007aab00000,0x00000007aac00000)
  from space 512K, 100% used [0x00000007aac00000,0x00000007aac80000,0x00000007aac80000)
  to   space 512K, 0% used [0x00000007aad80000,0x00000007aad80000,0x00000007aae00000)
 ParOldGen       total 64000K, used 144K [0x0000000780000000, 0x0000000783e80000, 0x00000007aab00000)
  object space 64000K, 0% used [0x0000000780000000,0x0000000780024000,0x0000000783e80000)
 Metaspace       used 3392K, capacity 5018K, committed 5120K, reserved 1056768K
  class space    used 375K, capacity 458K, committed 512K, reserved 1048576K
}
Event: 0.545 GC heap before
{Heap before GC invocations=4 (full 0):
 PSYoungGen      total 1536K, used 1536K [0x00000007aab00000, 0x00000007aae00000, 0x00000007c0000000)
  eden space 1024K, 100% used [0x00000007aab00000,0x00000007aac00000,0x00000007aac00000)
  from space 512K, 100% used [0x00000007aac00000,0x00000007aac80000,0x00000007aac80000)
  to   space 512K, 0% used [0x00000007aad80000,0x00000007aad80000,0x00000007aae00000)
 ParOldGen       total 64000K, used 144K [0x0000000780000000, 0x0000000783e80000, 0x00000007aab00000)
  object space 64000K, 0% used [0x0000000780000000,0x0000000780024000,0x0000000783e80000)
 Metaspace       used 4059K, capacity 5466K, committed 5760K, reserved 1056768K
  class space    used 453K, capacity 522K, committed 640K, reserved 1048576K
Event: 0.547 GC heap after
Heap after GC invocations=4 (full 0):
 PSYoungGen      total 2560K, used 480K [0x00000007aab00000, 0x00000007aae00000, 0x00000007c0000000)
  eden space 2048K, 0% used [0x00000007aab00000,0x00000007aab00000,0x00000007aad00000)
  from space 512K, 93% used [0x00000007aad80000,0x00000007aadf8020,0x00000007aae00000)
  to   space 512K, 0% used [0x00000007aad00000,0x00000007aad00000,0x00000007aad80000)
 ParOldGen       total 64000K, used 232K [0x0000000780000000, 0x0000000783e80000, 0x00000007aab00000)
  object space 64000K, 0% used [0x0000000780000000,0x000000078003a000,0x0000000783e80000)
 Metaspace       used 4059K, capacity 5466K, committed 5760K, reserved 1056768K
  class space    used 453K, capacity 522K, committed 640K, reserved 1048576K
}
Event: 0.687 GC heap before
{Heap before GC invocations=5 (full 0):
 PSYoungGen      total 2560K, used 2528K [0x00000007aab00000, 0x00000007aae00000, 0x00000007c0000000)
  eden space 2048K, 100% used [0x00000007aab00000,0x00000007aad00000,0x00000007aad00000)
  from space 512K, 93% used [0x00000007aad80000,0x00000007aadf8020,0x00000007aae00000)
  to   space 512K, 0% used [0x00000007aad00000,0x00000007aad00000,0x00000007aad80000)
 ParOldGen       total 64000K, used 232K [0x0000000780000000, 0x0000000783e80000, 0x00000007aab00000)
  object space 64000K, 0% used [0x0000000780000000,0x000000078003a000,0x0000000783e80000)
 Metaspace       used 4837K, capacity 6170K, committed 6272K, reserved 1056768K
  class space    used 526K, capacity 586K, committed 640K, reserved 1048576K
Event: 0.688 GC heap after
Heap after GC invocations=5 (full 0):
 PSYoungGen      total 2560K, used 480K [0x00000007aab00000, 0x00000007ab100000, 0x00000007c0000000)
  eden space 2048K, 0% used [0x00000007aab00000,0x00000007aab00000,0x00000007aad00000)
  from space 512K, 93% used [0x00000007aad00000,0x00000007aad78030,0x00000007aad80000)
  to   space 1024K, 0% used [0x00000007ab000000,0x00000007ab000000,0x00000007ab100000)
 ParOldGen       total 64000K, used 848K [0x0000000780000000, 0x0000000783e80000, 0x00000007aab00000)
  object space 64000K, 1% used [0x0000000780000000,0x00000007800d4010,0x0000000783e80000)
 Metaspace       used 4837K, capacity 6170K, committed 6272K, reserved 1056768K
  class space    used 526K, capacity 586K, committed 640K, reserved 1048576K
}

Deoptimization events (0 events):
No events

Internal exceptions (10 events):
Event: 0.085 Thread 0x00007fa508003000 Exception <a 'java/lang/NoSuchMethodError': Method sun.misc.Unsafe.prefetchRead(Ljava/lang/Object;J)V name or signature does not match> (0x00000007aab14b68) thrown at [/HUDSON3/workspace/8-2-build-macosx-x86_64/jdk8u11/648/hotspot/src/share/vm/prims/jni.c
Event: 0.177 Thread 0x00007fa508003000 Exception <a 'java/security/PrivilegedActionException'> (0x00000007aab258f8) thrown at [/HUDSON3/workspace/8-2-build-macosx-x86_64/jdk8u11/648/hotspot/src/share/vm/prims/jvm.cpp, line 1248]
Event: 0.214 Thread 0x00007fa508003000 Exception <a 'java/security/PrivilegedActionException'> (0x00000007aab79808) thrown at [/HUDSON3/workspace/8-2-build-macosx-x86_64/jdk8u11/648/hotspot/src/share/vm/prims/jvm.cpp, line 1248]
Event: 0.214 Thread 0x00007fa508003000 Exception <a 'java/security/PrivilegedActionException'> (0x00000007aab799c0) thrown at [/HUDSON3/workspace/8-2-build-macosx-x86_64/jdk8u11/648/hotspot/src/share/vm/prims/jvm.cpp, line 1248]
Event: 0.214 Thread 0x00007fa508003000 Exception <a 'java/security/PrivilegedActionException'> (0x00000007aab7cbd0) thrown at [/HUDSON3/workspace/8-2-build-macosx-x86_64/jdk8u11/648/hotspot/src/share/vm/prims/jvm.cpp, line 1248]
Event: 0.214 Thread 0x00007fa508003000 Exception <a 'java/security/PrivilegedActionException'> (0x00000007aab7cd88) thrown at [/HUDSON3/workspace/8-2-build-macosx-x86_64/jdk8u11/648/hotspot/src/share/vm/prims/jvm.cpp, line 1248]
Event: 0.215 Thread 0x00007fa508003000 Exception <a 'java/lang/NullPointerException'> (0x00000007aab7d5a0) thrown at [/HUDSON3/workspace/8-2-build-macosx-x86_64/jdk8u11/648/hotspot/src/share/vm/interpreter/linkResolver.cpp, line 1169]
Event: 0.739 Thread 0x00007fa508003000 Exception <a 'java/lang/reflect/InvocationTargetException'> (0x00000007aac34a40) thrown at [/HUDSON3/workspace/8-2-build-macosx-x86_64/jdk8u11/648/hotspot/src/share/vm/runtime/reflection.cpp, line 1079]
Event: 0.764 Thread 0x00007fa508003000 Exception <a 'java/security/PrivilegedActionException'> (0x00000007aac5dba8) thrown at [/HUDSON3/workspace/8-2-build-macosx-x86_64/jdk8u11/648/hotspot/src/share/vm/prims/jvm.cpp, line 1248]
Event: 0.771 Thread 0x00007fa508003000 Exception <a 'java/security/PrivilegedActionException'> (0x00000007aac7ee38) thrown at [/HUDSON3/workspace/8-2-build-macosx-x86_64/jdk8u11/648/hotspot/src/share/vm/prims/jvm.cpp, line 1248]

Events (10 events):
Event: 0.772 loading class java/util/Formatter$Flags done
Event: 0.772 loading class java/util/Formatter$Conversion
Event: 0.773 loading class java/util/Formatter$Conversion done
Event: 0.773 loading class java/util/Formattable
Event: 0.773 loading class java/util/Formattable done
Event: 0.773 loading class java/lang/Shutdown
Event: 0.773 loading class java/lang/Shutdown done
Event: 0.773 loading class java/lang/Shutdown$Lock
Event: 0.773 loading class java/lang/Shutdown$Lock done
Event: 0.773 Executing VM operation: Exit


Dynamic libraries:
0x000000001fa45000 	/System/Library/Frameworks/Cocoa.framework/Versions/A/Cocoa
0x000000001fa45000 	/System/Library/Frameworks/Security.framework/Versions/A/Security
0x000000001fa45000 	/System/Library/Frameworks/ApplicationServices.framework/Versions/A/ApplicationServices
0x000000001fa45000 	/usr/lib/libz.1.dylib
0x000000001fa45000 	/usr/lib/libSystem.B.dylib
0x000000001fa45000 	/usr/lib/libobjc.A.dylib
0x000000001fa45000 	/System/Library/Frameworks/CoreFoundation.framework/Versions/A/CoreFoundation
0x000000001fa45000 	/System/Library/Frameworks/Foundation.framework/Versions/C/Foundation
0x000000001fa45000 	/System/Library/Frameworks/AppKit.framework/Versions/C/AppKit
0x000000001fa45000 	/System/Library/Frameworks/CoreData.framework/Versions/A/CoreData
0x000000001fa45000 	/System/Library/PrivateFrameworks/RemoteViewServices.framework/Versions/A/RemoteViewServices
0x000000001fa45000 	/System/Library/PrivateFrameworks/UIFoundation.framework/Versions/A/UIFoundation
0x000000001fa45000 	/System/Library/PrivateFrameworks/XCTTargetBootstrap.framework/Versions/A/XCTTargetBootstrap
0x000000001fa45000 	/System/Library/PrivateFrameworks/IconServices.framework/Versions/A/IconServices
0x000000001fa45000 	/System/Library/Frameworks/Metal.framework/Versions/A/Metal
0x000000001fa45000 	/System/Library/PrivateFrameworks/DesktopServicesPriv.framework/Versions/A/DesktopServicesPriv
0x000000001fa45000 	/usr/lib/libenergytrace.dylib
0x000000001fa45000 	/System/Library/PrivateFrameworks/SkyLight.framework/Versions/A/SkyLight
0x000000001fa45000 	/System/Library/Frameworks/CoreGraphics.framework/Versions/A/CoreGraphics
0x000000001fa45000 	/System/Library/Frameworks/Accelerate.framework/Versions/A/Accelerate
0x000000001fa45000 	/System/Library/Frameworks/IOSurface.framework/Versions/A/IOSurface
0x000000001fa45000 	/System/Library/PrivateFrameworks/DFRFoundation.framework/Versions/A/DFRFoundation
0x000000001fa45000 	/System/Library/Frameworks/AudioToolbox.framework/Versions/A/AudioToolbox
0x000000001fa45000 	/System/Library/Frameworks/AudioUnit.framework/Versions/A/AudioUnit
0x000000001fa45000 	/System/Library/PrivateFrameworks/DataDetectorsCore.framework/Versions/A/DataDetectorsCore
0x000000001fa45000 	/System/Library/Frameworks/Carbon.framework/Versions/A/Frameworks/HIToolbox.framework/Versions/A/HIToolbox
0x000000001fa45000 	/usr/lib/libicucore.A.dylib
0x000000001fa45000 	/System/Library/Frameworks/QuartzCore.framework/Versions/A/QuartzCore
0x000000001fa45000 	/System/Library/Frameworks/Carbon.framework/Versions/A/Frameworks/SpeechRecognition.framework/Versions/A/SpeechRecognition
0x000000001fa45000 	/usr/lib/libauto.dylib
0x000000001fa45000 	/usr/lib/libxml2.2.dylib
0x000000001fa45000 	/System/Library/PrivateFrameworks/CoreUI.framework/Versions/A/CoreUI
0x000000001fa45000 	/System/Library/Frameworks/CoreAudio.framework/Versions/A/CoreAudio
0x000000001fa45000 	/System/Library/Frameworks/DiskArbitration.framework/Versions/A/DiskArbitration
0x000000001fa45000 	/usr/lib/liblangid.dylib
0x000000001fa45000 	/System/Library/PrivateFrameworks/MultitouchSupport.framework/Versions/A/MultitouchSupport
0x000000001fa45000 	/System/Library/Frameworks/IOKit.framework/Versions/A/IOKit
0x000000001fa45000 	/usr/lib/libDiagnosticMessagesClient.dylib
0x000000001fa45000 	/System/Library/Frameworks/CoreServices.framework/Versions/A/CoreServices
0x000000001fa45000 	/System/Library/PrivateFrameworks/PerformanceAnalysis.framework/Versions/A/PerformanceAnalysis
0x000000001fa45000 	/System/Library/Frameworks/OpenGL.framework/Versions/A/OpenGL
0x000000001fa45000 	/System/Library/Frameworks/ColorSync.framework/Versions/A/ColorSync
0x000000001fa45000 	/System/Library/Frameworks/CoreImage.framework/Versions/A/CoreImage
0x000000001fa45000 	/System/Library/Frameworks/CoreText.framework/Versions/A/CoreText
0x000000001fa45000 	/System/Library/Frameworks/ImageIO.framework/Versions/A/ImageIO
0x000000001fa45000 	/System/Library/PrivateFrameworks/Backup.framework/Versions/A/Backup
0x000000001fa45000 	/usr/lib/libarchive.2.dylib
0x000000001fa45000 	/System/Library/Frameworks/CFNetwork.framework/Versions/A/CFNetwork
0x000000001fa45000 	/System/Library/Frameworks/SystemConfiguration.framework/Versions/A/SystemConfiguration
0x000000001fa45000 	/usr/lib/libCRFSuite.dylib
0x000000001fa45000 	/usr/lib/libc++.1.dylib
0x000000001fa45000 	/usr/lib/libc++abi.dylib
0x000000001fa45000 	/usr/lib/system/libcache.dylib
0x000000001fa45000 	/usr/lib/system/libcommonCrypto.dylib
0x000000001fa45000 	/usr/lib/system/libcompiler_rt.dylib
0x000000001fa45000 	/usr/lib/system/libcopyfile.dylib
0x000000001fa45000 	/usr/lib/system/libcorecrypto.dylib
0x000000001fa45000 	/usr/lib/system/libdispatch.dylib
0x000000001fa45000 	/usr/lib/system/libdyld.dylib
0x000000001fa45000 	/usr/lib/system/libkeymgr.dylib
0x000000001fa45000 	/usr/lib/system/liblaunch.dylib
0x000000001fa45000 	/usr/lib/system/libmacho.dylib
0x000000001fa45000 	/usr/lib/system/libquarantine.dylib
0x000000001fa45000 	/usr/lib/system/libremovefile.dylib
0x000000001fa45000 	/usr/lib/system/libsystem_asl.dylib
0x000000001fa45000 	/usr/lib/system/libsystem_blocks.dylib
0x000000001fa45000 	/usr/lib/system/libsystem_c.dylib
0x000000001fa45000 	/usr/lib/system/libsystem_configuration.dylib
0x000000001fa45000 	/usr/lib/system/libsystem_coreservices.dylib
0x000000001fa45000 	/usr/lib/system/libsystem_darwin.dylib
0x000000001fa45000 	/usr/lib/system/libsystem_dnssd.dylib
0x000000001fa45000 	/usr/lib/system/libsystem_info.dylib
0x000000001fa45000 	/usr/lib/system/libsystem_m.dylib
0x000000001fa45000 	/usr/lib/system/libsystem_malloc.dylib
0x000000001fa45000 	/usr/lib/system/libsystem_networkextension.dylib
0x000000001fa45000 	/usr/lib/system/libsystem_notify.dylib
0x000000001fa45000 	/usr/lib/system/libsystem_sandbox.dylib
0x000000001fa45000 	/usr/lib/system/libsystem_secinit.dylib
0x000000001fa45000 	/usr/lib/system/libsystem_kernel.dylib
0x000000001fa45000 	/usr/lib/system/libsystem_platform.dylib
0x000000001fa45000 	/usr/lib/system/libsystem_pthread.dylib
0x000000001fa45000 	/usr/lib/system/libsystem_symptoms.dylib
0x000000001fa45000 	/usr/lib/system/libsystem_trace.dylib
0x000000001fa45000 	/usr/lib/system/libunwind.dylib
0x000000001fa45000 	/usr/lib/system/libxpc.dylib
0x000000001fa45000 	/usr/lib/libbsm.0.dylib
0x000000001fa45000 	/usr/lib/system/libkxld.dylib
0x000000001fa45000 	/System/Library/PrivateFrameworks/AppleFSCompression.framework/Versions/A/AppleFSCompression
0x000000001fa45000 	/usr/lib/libOpenScriptingUtil.dylib
0x000000001fa45000 	/usr/lib/libcoretls.dylib
0x000000001fa45000 	/usr/lib/libcoretls_cfhelpers.dylib
0x000000001fa45000 	/usr/lib/libpam.2.dylib
0x000000001fa45000 	/usr/lib/libsqlite3.dylib
0x000000001fa45000 	/usr/lib/libxar.1.dylib
0x000000001fa45000 	/usr/lib/libbz2.1.0.dylib
0x000000001fa45000 	/usr/lib/liblzma.5.dylib
0x000000001fa45000 	/usr/lib/libnetwork.dylib
0x000000001fa45000 	/usr/lib/libapple_nghttp2.dylib
0x000000001fa45000 	/usr/lib/libpcap.A.dylib
0x000000001fa45000 	/System/Library/Frameworks/CoreServices.framework/Versions/A/Frameworks/FSEvents.framework/Versions/A/FSEvents
0x000000001fa45000 	/System/Library/Frameworks/CoreServices.framework/Versions/A/Frameworks/CarbonCore.framework/Versions/A/CarbonCore
0x000000001fa45000 	/System/Library/Frameworks/CoreServices.framework/Versions/A/Frameworks/Metadata.framework/Versions/A/Metadata
0x000000001fa45000 	/System/Library/Frameworks/CoreServices.framework/Versions/A/Frameworks/OSServices.framework/Versions/A/OSServices
0x000000001fa45000 	/System/Library/Frameworks/CoreServices.framework/Versions/A/Frameworks/SearchKit.framework/Versions/A/SearchKit
0x000000001fa45000 	/System/Library/Frameworks/CoreServices.framework/Versions/A/Frameworks/AE.framework/Versions/A/AE
0x000000001fa45000 	/System/Library/Frameworks/CoreServices.framework/Versions/A/Frameworks/LaunchServices.framework/Versions/A/LaunchServices
0x000000001fa45000 	/System/Library/Frameworks/CoreServices.framework/Versions/A/Frameworks/DictionaryServices.framework/Versions/A/DictionaryServices
0x000000001fa45000 	/System/Library/Frameworks/CoreServices.framework/Versions/A/Frameworks/SharedFileList.framework/Versions/A/SharedFileList
0x000000001fa45000 	/System/Library/Frameworks/NetFS.framework/Versions/A/NetFS
0x000000001fa45000 	/System/Library/PrivateFrameworks/NetAuth.framework/Versions/A/NetAuth
0x000000001fa45000 	/System/Library/PrivateFrameworks/login.framework/Versions/A/Frameworks/loginsupport.framework/Versions/A/loginsupport
0x000000001fa45000 	/System/Library/PrivateFrameworks/TCC.framework/Versions/A/TCC
0x000000001fa45000 	/System/Library/PrivateFrameworks/CoreNLP.framework/Versions/A/CoreNLP
0x000000001fa45000 	/System/Library/PrivateFrameworks/MetadataUtilities.framework/Versions/A/MetadataUtilities
0x000000001fa45000 	/usr/lib/libmecabra.dylib
0x000000001fa45000 	/System/Library/Frameworks/ApplicationServices.framework/Versions/A/Frameworks/ATS.framework/Versions/A/ATS
0x000000001fa45000 	/System/Library/Frameworks/ApplicationServices.framework/Versions/A/Frameworks/ColorSyncLegacy.framework/Versions/A/ColorSyncLegacy
0x000000001fa45000 	/System/Library/Frameworks/ApplicationServices.framework/Versions/A/Frameworks/HIServices.framework/Versions/A/HIServices
0x000000001fa45000 	/System/Library/Frameworks/ApplicationServices.framework/Versions/A/Frameworks/LangAnalysis.framework/Versions/A/LangAnalysis
0x000000001fa45000 	/System/Library/Frameworks/ApplicationServices.framework/Versions/A/Frameworks/PrintCore.framework/Versions/A/PrintCore
0x000000001fa45000 	/System/Library/Frameworks/ApplicationServices.framework/Versions/A/Frameworks/QD.framework/Versions/A/QD
0x000000001fa45000 	/System/Library/Frameworks/ApplicationServices.framework/Versions/A/Frameworks/SpeechSynthesis.framework/Versions/A/SpeechSynthesis
0x000000001fa45000 	/usr/lib/libcompression.dylib
0x000000001fa45000 	/System/Library/Frameworks/CoreDisplay.framework/Versions/A/CoreDisplay
0x000000001fa45000 	/System/Library/Frameworks/MetalPerformanceShaders.framework/Versions/A/MetalPerformanceShaders
0x000000001fa45000 	/System/Library/Frameworks/Accelerate.framework/Versions/A/Frameworks/vImage.framework/Versions/A/vImage
0x000000001fa45000 	/System/Library/Frameworks/Accelerate.framework/Versions/A/Frameworks/vecLib.framework/Versions/A/vecLib
0x000000001fa45000 	/System/Library/Frameworks/Accelerate.framework/Versions/A/Frameworks/vecLib.framework/Versions/A/libvMisc.dylib
0x000000001fa45000 	/System/Library/Frameworks/Accelerate.framework/Versions/A/Frameworks/vecLib.framework/Versions/A/libvDSP.dylib
0x000000001fa45000 	/System/Library/Frameworks/Accelerate.framework/Versions/A/Frameworks/vecLib.framework/Versions/A/libBLAS.dylib
0x000000001fa45000 	/System/Library/Frameworks/Accelerate.framework/Versions/A/Frameworks/vecLib.framework/Versions/A/libLAPACK.dylib
0x000000001fa45000 	/System/Library/Frameworks/Accelerate.framework/Versions/A/Frameworks/vecLib.framework/Versions/A/libLinearAlgebra.dylib
0x000000001fa45000 	/System/Library/Frameworks/Accelerate.framework/Versions/A/Frameworks/vecLib.framework/Versions/A/libSparseBLAS.dylib
0x000000001fa45000 	/System/Library/Frameworks/Accelerate.framework/Versions/A/Frameworks/vecLib.framework/Versions/A/libQuadrature.dylib
0x000000001fa45000 	/System/Library/Frameworks/Accelerate.framework/Versions/A/Frameworks/vecLib.framework/Versions/A/libBNNS.dylib
0x000000001fa45000 	/System/Library/Frameworks/Accelerate.framework/Versions/A/Frameworks/vecLib.framework/Versions/A/libSparse.dylib
0x000000001fa45000 	/System/Library/PrivateFrameworks/GPUWrangler.framework/Versions/A/GPUWrangler
0x000000001fa45000 	/System/Library/PrivateFrameworks/IOAccelerator.framework/Versions/A/IOAccelerator
0x000000001fa45000 	/System/Library/PrivateFrameworks/IOPresentment.framework/Versions/A/IOPresentment
0x000000001fa45000 	/System/Library/PrivateFrameworks/DSExternalDisplay.framework/Versions/A/DSExternalDisplay
0x000000001fa45000 	/System/Library/Frameworks/OpenGL.framework/Versions/A/Libraries/libCoreFSCache.dylib
0x000000001fa45000 	/System/Library/Frameworks/MetalPerformanceShaders.framework/Frameworks/MPSCore.framework/Versions/A/MPSCore
0x000000001fa45000 	/System/Library/Frameworks/MetalPerformanceShaders.framework/Frameworks/MPSImage.framework/Versions/A/MPSImage
0x000000001fa45000 	/System/Library/Frameworks/MetalPerformanceShaders.framework/Frameworks/MPSNeuralNetwork.framework/Versions/A/MPSNeuralNetwork
0x000000001fa45000 	/System/Library/Frameworks/MetalPerformanceShaders.framework/Frameworks/MPSMatrix.framework/Versions/A/MPSMatrix
0x000000001fa45000 	/System/Library/Frameworks/MetalPerformanceShaders.framework/Frameworks/MPSRayIntersector.framework/Versions/A/MPSRayIntersector
0x000000001fa45000 	/System/Library/PrivateFrameworks/MetalTools.framework/Versions/A/MetalTools
0x000000001fa45000 	/System/Library/PrivateFrameworks/AggregateDictionary.framework/Versions/A/AggregateDictionary
0x000000001fa45000 	/usr/lib/libMobileGestalt.dylib
0x000000001fa45000 	/System/Library/Frameworks/CoreVideo.framework/Versions/A/CoreVideo
0x000000001fa45000 	/System/Library/PrivateFrameworks/GraphVisualizer.framework/Versions/A/GraphVisualizer
0x000000001fa45000 	/System/Library/PrivateFrameworks/FaceCore.framework/Versions/A/FaceCore
0x000000001fa45000 	/System/Library/Frameworks/OpenCL.framework/Versions/A/OpenCL
0x000000001fa45000 	/usr/lib/libFosl_dynamic.dylib
0x000000001fa45000 	/System/Library/PrivateFrameworks/OTSVG.framework/Versions/A/OTSVG
0x000000001fa45000 	/System/Library/Frameworks/ApplicationServices.framework/Versions/A/Frameworks/ATS.framework/Versions/A/Resources/libFontParser.dylib
0x000000001fa45000 	/System/Library/Frameworks/ApplicationServices.framework/Versions/A/Frameworks/ATS.framework/Versions/A/Resources/libFontRegistry.dylib
0x000000001fa45000 	/System/Library/Frameworks/ImageIO.framework/Versions/A/Resources/libJPEG.dylib
0x000000001fa45000 	/System/Library/Frameworks/ImageIO.framework/Versions/A/Resources/libTIFF.dylib
0x000000001fa45000 	/System/Library/Frameworks/ImageIO.framework/Versions/A/Resources/libPng.dylib
0x000000001fa45000 	/System/Library/Frameworks/ImageIO.framework/Versions/A/Resources/libGIF.dylib
0x000000001fa45000 	/System/Library/Frameworks/ImageIO.framework/Versions/A/Resources/libJP2.dylib
0x000000001fa45000 	/System/Library/Frameworks/ImageIO.framework/Versions/A/Resources/libRadiance.dylib
0x000000001fa45000 	/System/Library/PrivateFrameworks/AppleJPEG.framework/Versions/A/AppleJPEG
0x000000001fa45000 	/System/Library/Frameworks/OpenGL.framework/Versions/A/Libraries/libGFXShared.dylib
0x000000001fa45000 	/System/Library/Frameworks/OpenGL.framework/Versions/A/Libraries/libGLU.dylib
0x000000001fa45000 	/System/Library/Frameworks/OpenGL.framework/Versions/A/Libraries/libGL.dylib
0x000000001fa45000 	/System/Library/Frameworks/OpenGL.framework/Versions/A/Libraries/libGLImage.dylib
0x000000001fa45000 	/System/Library/Frameworks/OpenGL.framework/Versions/A/Libraries/libCVMSPluginSupport.dylib
0x000000001fa45000 	/System/Library/Frameworks/OpenGL.framework/Versions/A/Libraries/libCoreVMClient.dylib
0x000000001fa45000 	/usr/lib/libcups.2.dylib
0x000000001fa45000 	/System/Library/Frameworks/Kerberos.framework/Versions/A/Kerberos
0x000000001fa45000 	/System/Library/Frameworks/GSS.framework/Versions/A/GSS
0x000000001fa45000 	/usr/lib/libresolv.9.dylib
0x000000001fa45000 	/usr/lib/libiconv.2.dylib
0x000000001fa45000 	/System/Library/PrivateFrameworks/Heimdal.framework/Versions/A/Heimdal
0x000000001fa45000 	/usr/lib/libheimdal-asn1.dylib
0x000000001fa45000 	/System/Library/Frameworks/OpenDirectory.framework/Versions/A/OpenDirectory
0x000000001fa45000 	/System/Library/PrivateFrameworks/CommonAuth.framework/Versions/A/CommonAuth
0x000000001fa45000 	/System/Library/Frameworks/OpenDirectory.framework/Versions/A/Frameworks/CFOpenDirectory.framework/Versions/A/CFOpenDirectory
0x000000001fa45000 	/System/Library/Frameworks/SecurityFoundation.framework/Versions/A/SecurityFoundation
0x000000001fa45000 	/System/Library/PrivateFrameworks/APFS.framework/Versions/A/APFS
0x000000001fa45000 	/usr/lib/libutil.dylib
0x000000001fa45000 	/usr/lib/libcharset.1.dylib
0x000000001fa45000 	/System/Library/PrivateFrameworks/AppleSauce.framework/Versions/A/AppleSauce
0x000000001fa45000 	/System/Library/PrivateFrameworks/AssertionServices.framework/Versions/A/AssertionServices
0x000000001fa45000 	/System/Library/PrivateFrameworks/BaseBoard.framework/Versions/A/BaseBoard
0x000000001fa45000 	/usr/lib/libmecab.1.0.0.dylib
0x000000001fa45000 	/usr/lib/libgermantok.dylib
0x000000001fa45000 	/usr/lib/libThaiTokenizer.dylib
0x000000001fa45000 	/usr/lib/libChineseTokenizer.dylib
0x000000001fa45000 	/System/Library/PrivateFrameworks/LanguageModeling.framework/Versions/A/LanguageModeling
0x000000001fa45000 	/System/Library/PrivateFrameworks/CoreEmoji.framework/Versions/A/CoreEmoji
0x000000001fa45000 	/System/Library/PrivateFrameworks/Lexicon.framework/Versions/A/Lexicon
0x000000001fa45000 	/System/Library/PrivateFrameworks/LinguisticData.framework/Versions/A/LinguisticData
0x000000001fa45000 	/usr/lib/libcmph.dylib
0x000000001fa45000 	/System/Library/Frameworks/ServiceManagement.framework/Versions/A/ServiceManagement
0x000000001fa45000 	/System/Library/PrivateFrameworks/BackgroundTaskManagement.framework/Versions/A/BackgroundTaskManagement
0x000000001fa45000 	/usr/lib/libxslt.1.dylib
0x000000001fa45000 	/System/Library/Frameworks/Carbon.framework/Versions/A/Frameworks/Ink.framework/Versions/A/Ink
0x000000001fa45000 	/System/Library/PrivateFrameworks/TextureIO.framework/Versions/A/TextureIO
0x000000001fa45000 	/usr/lib/libate.dylib
0x000000001fa45000 	/System/Library/PrivateFrameworks/CrashReporterSupport.framework/Versions/A/CrashReporterSupport
0x000000001fa45000 	/System/Library/PrivateFrameworks/Sharing.framework/Versions/A/Sharing
0x000000001fa45000 	/System/Library/PrivateFrameworks/AuthKit.framework/Versions/A/AuthKit
0x000000001fa45000 	/System/Library/PrivateFrameworks/Apple80211.framework/Versions/A/Apple80211
0x000000001fa45000 	/System/Library/PrivateFrameworks/CoreUtils.framework/Versions/A/CoreUtils
0x000000001fa45000 	/System/Library/Frameworks/CoreWLAN.framework/Versions/A/CoreWLAN
0x000000001fa45000 	/System/Library/Frameworks/IOBluetooth.framework/Versions/A/IOBluetooth
0x000000001fa45000 	/System/Library/PrivateFrameworks/ProtocolBuffer.framework/Versions/A/ProtocolBuffer
0x000000001fa45000 	/System/Library/PrivateFrameworks/MobileKeyBag.framework/Versions/A/MobileKeyBag
0x000000001fa45000 	/System/Library/PrivateFrameworks/CorePhoneNumbers.framework/Versions/A/CorePhoneNumbers
0x000000001fa45000 	/System/Library/PrivateFrameworks/AppleIDAuthSupport.framework/Versions/A/AppleIDAuthSupport
0x000000001fa45000 	/System/Library/PrivateFrameworks/KeychainCircle.framework/Versions/A/KeychainCircle
0x000000001fa45000 	/System/Library/PrivateFrameworks/ROCKit.framework/Versions/A/ROCKit
0x000000001fa45000 	/System/Library/PrivateFrameworks/CoreWiFi.framework/Versions/A/CoreWiFi
0x000000001fa45000 	/System/Library/Frameworks/CoreBluetooth.framework/Versions/A/CoreBluetooth
0x000000001fa45000 	/System/Library/PrivateFrameworks/DebugSymbols.framework/Versions/A/DebugSymbols
0x000000001fa45000 	/System/Library/PrivateFrameworks/CoreSymbolication.framework/Versions/A/CoreSymbolication
0x000000001fa45000 	/System/Library/PrivateFrameworks/Symbolication.framework/Versions/A/Symbolication
0x000000001fa45000 	/System/Library/PrivateFrameworks/SpeechRecognitionCore.framework/Versions/A/SpeechRecognitionCore
0x000000010a400000 	/Library/Java/JavaVirtualMachines/jdk1.8.0_11.jdk/Contents/Home/jre/lib/server/libjvm.dylib
0x000000001fa45000 	/usr/lib/libstdc++.6.dylib
0x0000000109baa000 	/Library/Java/JavaVirtualMachines/jdk1.8.0_11.jdk/Contents/Home/jre/lib/libverify.dylib
0x0000000109bb8000 	/Library/Java/JavaVirtualMachines/jdk1.8.0_11.jdk/Contents/Home/jre/lib/libjava.dylib
0x0000000109bf6000 	/Library/Java/JavaVirtualMachines/jdk1.8.0_11.jdk/Contents/Home/jre/lib/libzip.dylib
0x000000001fa45000 	/System/Library/Frameworks/JavaVM.framework/Versions/A/Frameworks/JavaRuntimeSupport.framework/Versions/A/JavaRuntimeSupport
0x000000001fa45000 	/System/Library/Frameworks/JavaVM.framework/Versions/A/Frameworks/JavaNativeFoundation.framework/Versions/A/JavaNativeFoundation
0x000000001fa45000 	/System/Library/Frameworks/JavaVM.framework/Versions/A/JavaVM
0x000000001fa45000 	/System/Library/Frameworks/Carbon.framework/Versions/A/Carbon
0x000000001fa45000 	/System/Library/PrivateFrameworks/JavaLaunching.framework/Versions/A/JavaLaunching
0x000000001fa45000 	/System/Library/Frameworks/Carbon.framework/Versions/A/Frameworks/CommonPanels.framework/Versions/A/CommonPanels
0x000000001fa45000 	/System/Library/Frameworks/Carbon.framework/Versions/A/Frameworks/Help.framework/Versions/A/Help
0x000000001fa45000 	/System/Library/Frameworks/Carbon.framework/Versions/A/Frameworks/ImageCapture.framework/Versions/A/ImageCapture
0x000000001fa45000 	/System/Library/Frameworks/Carbon.framework/Versions/A/Frameworks/OpenScripting.framework/Versions/A/OpenScripting
0x000000001fa45000 	/System/Library/Frameworks/Carbon.framework/Versions/A/Frameworks/Print.framework/Versions/A/Print
0x000000001fa45000 	/System/Library/Frameworks/Carbon.framework/Versions/A/Frameworks/SecurityHI.framework/Versions/A/SecurityHI
0x0000000111190000 	/Library/Java/JavaVirtualMachines/jdk1.8.0_11.jdk/Contents/Home/jre/lib/libprism_es2.dylib
0x000000001fa45000 	/System/Library/PrivateFrameworks/CoreServicesInternal.framework/Versions/A/CoreServicesInternal
0x000000001fa45000 	/System/Library/Frameworks/OpenGL.framework/Versions/A/Resources/GLEngine.bundle/GLEngine
0x000000001fa45000 	/System/Library/Frameworks/OpenGL.framework/Versions/A/Libraries/libGLProgrammability.dylib
0x000000001fa45000 	/System/Library/Extensions/AppleIntelHD4000GraphicsGLDriver.bundle/Contents/MacOS/AppleIntelHD4000GraphicsGLDriver
0x000000001fa45000 	/System/Library/PrivateFrameworks/GPUSupport.framework/Versions/A/Libraries/libGPUSupportMercury.dylib
0x000000001fa45000 	/System/Library/Frameworks/OpenGL.framework/Versions/A/Resources/GLRendererFloat.bundle/GLRendererFloat
0x000000001fa45000 	/System/Library/Frameworks/OpenCL.framework/Versions/A/Libraries/libcldcpuengine.dylib
0x000000001fa45000 	/usr/lib/libcrypto.35.dylib
0x000000001fa45000 	/System/Library/PrivateFrameworks/TrustEvaluationAgent.framework/Versions/A/TrustEvaluationAgent
0x0000000111981000 	/Library/Java/JavaVirtualMachines/jdk1.8.0_11.jdk/Contents/Home/jre/lib/libglass.dylib
0x000000001fa45000 	/System/Library/CoreServices/RawCamera.bundle/Contents/MacOS/RawCamera
0x000000001fa45000 	/System/Library/PrivateFrameworks/MobileAsset.framework/Versions/A/MobileAsset
0x000000001fa45000 	/System/Library/PrivateFrameworks/StreamingZip.framework/Versions/A/StreamingZip
0x000000001fa45000 	/System/Library/Frameworks/MediaToolbox.framework/Versions/A/MediaToolbox
0x000000001fa45000 	/System/Library/PrivateFrameworks/CoreAVCHD.framework/Versions/A/CoreAVCHD
0x000000001fa45000 	/System/Library/Frameworks/MediaAccessibility.framework/Versions/A/MediaAccessibility
0x000000001fa45000 	/System/Library/PrivateFrameworks/Mangrove.framework/Versions/A/Mangrove
0x000000001fa45000 	/System/Library/Frameworks/CoreMedia.framework/Versions/A/CoreMedia
0x000000001fa45000 	/System/Library/Frameworks/VideoToolbox.framework/Versions/A/VideoToolbox
0x000000001fa45000 	/System/Library/PrivateFrameworks/CoreAUC.framework/Versions/A/CoreAUC
0x000000001fa45000 	/usr/lib/libspindump.dylib
0x000000001fa45000 	/System/Library/PrivateFrameworks/AppleVA.framework/Versions/A/AppleVA
0x000000001fa45000 	/System/Library/Frameworks/Accelerate.framework/Versions/A/Frameworks/vImage.framework/Versions/A/Libraries/libCGInterfaces.dylib
0x000000001fa45000 	/System/Library/PrivateFrameworks/FamilyControls.framework/Versions/A/FamilyControls
0x000000001fa45000 	/System/Library/PrivateFrameworks/CommerceKit.framework/Versions/A/Frameworks/CommerceCore.framework/Versions/A/CommerceCore
0x000000001fa45000 	/System/Library/PrivateFrameworks/SystemAdministration.framework/Versions/A/SystemAdministration
0x000000001fa45000 	/System/Library/PrivateFrameworks/AppContainer.framework/Versions/A/AppContainer
0x000000001fa45000 	/System/Library/PrivateFrameworks/AppSandbox.framework/Versions/A/AppSandbox
0x000000001fa45000 	/System/Library/PrivateFrameworks/SecCodeWrapper.framework/Versions/A/SecCodeWrapper
0x000000001fa45000 	/usr/lib/libsandbox.1.dylib
0x000000001fa45000 	/usr/lib/libMatch.1.dylib
0x000000001fa45000 	/System/Library/PrivateFrameworks/DiskManagement.framework/Versions/A/DiskManagement
0x000000001fa45000 	/System/Library/Frameworks/DirectoryService.framework/Versions/A/DirectoryService
0x000000001fa45000 	/System/Library/PrivateFrameworks/DiskImages.framework/Versions/A/DiskImages
0x000000001fa45000 	/System/Library/PrivateFrameworks/LoginUIKit.framework/Versions/A/Frameworks/LoginUICore.framework/Versions/A/LoginUICore
0x000000001fa45000 	/usr/lib/libCoreStorage.dylib
0x000000001fa45000 	/usr/lib/libcsfde.dylib
0x000000001fa45000 	/usr/lib/libodfde.dylib
0x000000001fa45000 	/System/Library/PrivateFrameworks/MediaKit.framework/Versions/A/MediaKit
0x000000001fa45000 	/System/Library/Frameworks/DiscRecording.framework/Versions/A/DiscRecording
0x000000001fa45000 	/System/Library/PrivateFrameworks/EFILogin.framework/Versions/A/EFILogin
0x000000001fa45000 	/System/Library/PrivateFrameworks/ProtectedCloudStorage.framework/Versions/A/ProtectedCloudStorage
0x000000001fa45000 	/usr/lib/libcurl.4.dylib
0x000000001fa45000 	/usr/lib/libcrypto.42.dylib
0x000000001fa45000 	/usr/lib/libssl.44.dylib
0x000000001fa45000 	/System/Library/Frameworks/LDAP.framework/Versions/A/LDAP
0x000000001fa45000 	/usr/lib/libsasl2.2.dylib
0x000000001fa45000 	/System/Library/PrivateFrameworks/CoreDaemon.framework/Versions/B/CoreDaemon
0x000000001fa45000 	/System/Library/PrivateFrameworks/AppleSRP.framework/Versions/A/AppleSRP
0x000000001fa45000 	/System/Library/PrivateFrameworks/ViewBridge.framework/Versions/A/ViewBridge

VM Arguments:
jvm_args: -Dfile.encoding=UTF-8 
java_command: animation.ChartAnimation
java_class_path (initial): /Users/tomevans/Documents/workspace/GraphicsTesting/bin:/Users/tomevans/Desktop/db-derby-10.14.2.0-bin/lib/derbyLocale_cs.jar:/Users/tomevans/Desktop/db-derby-10.14.2.0-bin/lib/derbyLocale_de_DE.jar:/Users/tomevans/Desktop/db-derby-10.14.2.0-bin/lib/derbyLocale_es.jar:/Users/tomevans/Desktop/db-derby-10.14.2.0-bin/lib/derbyLocale_fr.jar:/Users/tomevans/Desktop/db-derby-10.14.2.0-bin/lib/derbyLocale_hu.jar:/Users/tomevans/Desktop/db-derby-10.14.2.0-bin/lib/derbyLocale_it.jar:/Users/tomevans/Desktop/db-derby-10.14.2.0-bin/lib/derbyLocale_ja_JP.jar:/Users/tomevans/Desktop/db-derby-10.14.2.0-bin/lib/derbyLocale_ko_KR.jar:/Users/tomevans/Desktop/db-derby-10.14.2.0-bin/lib/derbyLocale_pl.jar:/Users/tomevans/Desktop/db-derby-10.14.2.0-bin/lib/derbyLocale_pt_BR.jar:/Users/tomevans/Desktop/db-derby-10.14.2.0-bin/lib/derbyLocale_ru.jar:/Users/tomevans/Desktop/db-derby-10.14.2.0-bin/lib/derbyLocale_zh_CN.jar:/Users/tomevans/Desktop/db-derby-10.14.2.0-bin/lib/derbyLocale_zh_TW.jar:/Users/tomevans/Desktop/db-derby-10.14.2.0-bin/lib/derby.jar
Launcher Type: SUN_STANDARD

Environment Variables:
PATH=/usr/bin:/bin:/usr/sbin:/sbin
SHELL=/bin/bash

Signal Handlers:
SIGSEGV: [libjvm.dylib+0x56059b], sa_mask[0]=0xfffefeff, sa_flags=0x00000043
SIGBUS: [libjvm.dylib+0x56059b], sa_mask[0]=0xfffefeff, sa_flags=0x00000042
SIGFPE: [libjvm.dylib+0x4438f2], sa_mask[0]=0xfffefeff, sa_flags=0x00000042
SIGPIPE: [libjvm.dylib+0x4438f2], sa_mask[0]=0xfffefeff, sa_flags=0x00000042
SIGXFSZ: [libjvm.dylib+0x4438f2], sa_mask[0]=0xfffefeff, sa_flags=0x00000042
SIGILL: [libjvm.dylib+0x4438f2], sa_mask[0]=0xfffefeff, sa_flags=0x00000042
SIGUSR1: SIG_DFL, sa_mask[0]=0x00000000, sa_flags=0x00000000
SIGUSR2: [libjvm.dylib+0x443410], sa_mask[0]=0x00000004, sa_flags=0x00000042
SIGHUP: [libjvm.dylib+0x44179b], sa_mask[0]=0xfffefeff, sa_flags=0x00000042
SIGINT: [libjvm.dylib+0x44179b], sa_mask[0]=0xfffefeff, sa_flags=0x00000042
SIGTERM: [libjvm.dylib+0x44179b], sa_mask[0]=0xfffefeff, sa_flags=0x00000042
SIGQUIT: [libjvm.dylib+0x44179b], sa_mask[0]=0xfffefeff, sa_flags=0x00000042


---------------  S Y S T E M  ---------------

OS:Bsduname:Darwin 18.2.0 Darwin Kernel Version 18.2.0: Mon Nov 12 20:24:46 PST 2018; root:xnu-4903.231.4~2/RELEASE_X86_64 x86_64
rlimit: STACK 8192k, CORE 0k, NPROC 709, NOFILE 10240, AS infinity
load average:1.38 1.39 1.42

CPU:total 4 (2 cores per cpu, 2 threads per core) family 6 model 58 stepping 9, cmov, cx8, fxsr, mmx, sse, sse2, sse3, ssse3, sse4.1, sse4.2, popcnt, avx, aes, clmul, erms, ht, tsc, tscinvbit

Memory: 4k page, physical 4194304k(57268k free)

/proc/meminfo:


vm_info: Java HotSpot(TM) 64-Bit Server VM (25.11-b03) for bsd-amd64 JRE (1.8.0_11-b12), built on Jun 16 2014 17:39:42 by "java_re" with gcc 4.2.1 (Based on Apple Inc. build 5658) (LLVM build 2336.11.00)

time: Fri Jan 11 19:41:26 2019
elapsed time: 0 seconds

